{
  "stats": {
    "suites": 1,
    "tests": 1,
    "passes": 1,
    "pending": 0,
    "failures": 0,
    "start": "2022-10-17T07:50:50.732Z",
    "end": "2022-10-17T07:50:53.197Z",
    "duration": 2465,
    "testsRegistered": 1,
    "passPercent": 100,
    "pendingPercent": 0,
    "other": 0,
    "hasOther": false,
    "skipped": 0,
    "hasSkipped": false
  },
  "results": [
    {
      "uuid": "7a4e9b78-5aa1-46a2-884d-02b9fbb0a9f9",
      "title": "",
      "fullFile": "cypress\\e2e\\text-input.cy.js",
      "file": "cypress\\e2e\\text-input.cy.js",
      "beforeHooks": [],
      "afterHooks": [],
      "tests": [],
      "suites": [
        {
          "uuid": "d3e3ab3b-54fa-42ba-88b1-28655ba44b03",
          "title": "text input",
          "fullFile": "",
          "file": "",
          "beforeHooks": [],
          "afterHooks": [],
          "tests": [
            {
              "title": "can write in the field",
              "fullTitle": "text input can write in the field",
              "timedOut": null,
              "duration": 2446,
              "state": "passed",
              "speed": "fast",
              "pass": true,
              "fail": false,
              "pending": false,
              "context": null,
              "code": "cy.visit('');\ncy.get('a').contains('Text Input').click();\ncy.get('input#newButtonName').type(inputText);\ncy.get('button#updatingButton').click().then(() => {\n  cy.get('button#updatingButton').should('have.text', inputText);\n});",
              "err": {},
              "uuid": "8e526350-1670-4e4a-ba0b-448912f60fac",
              "parentUUID": "d3e3ab3b-54fa-42ba-88b1-28655ba44b03",
              "isHook": false,
              "skipped": false
            }
          ],
          "suites": [],
          "passes": [
            "8e526350-1670-4e4a-ba0b-448912f60fac"
          ],
          "failures": [],
          "pending": [],
          "skipped": [],
          "duration": 2446,
          "root": false,
          "rootEmpty": false,
          "_timeout": 2000
        }
      ],
      "passes": [],
      "failures": [],
      "pending": [],
      "skipped": [],
      "duration": 0,
      "root": true,
      "rootEmpty": true,
      "_timeout": 2000
    }
  ],
  "meta": {
    "mocha": {
      "version": "7.0.1"
    },
    "mochawesome": {
      "options": {
        "quiet": false,
        "reportFilename": "mochawesome",
        "saveHtml": false,
        "saveJson": true,
        "consoleReporter": "spec",
        "useInlineDiffs": false,
        "code": true
      },
      "version": "7.1.3"
    },
    "marge": {
      "options": {
        "reportDir": "reports/cypress",
        "overwrite": false,
        "html": false,
        "json": true
      },
      "version": "6.2.0"
    }
  }
}